0 verbose cli [
0 verbose cli   'D:\\Program Files\\nodejs\\node.exe',
0 verbose cli   'D:\\Program Files\\nodejs\\node_modules\\npm\\bin\\npm-cli.js',
0 verbose cli   'list',
0 verbose cli   '--json'
0 verbose cli ]
1 info using npm@8.1.0
2 info using node@v16.13.0
3 timing npm:load:whichnode Completed in 1ms
4 timing config:load:defaults Completed in 4ms
5 timing config:load:file:d:\Users\marco\AppData\Roaming\nvm\v16.13.0\node_modules\npm\npmrc Completed in 2ms
6 timing config:load:builtin Completed in 2ms
7 timing config:load:cli Completed in 4ms
8 timing config:load:env Completed in 1ms
9 timing config:load:file:d:\Users\marco\Documents\GitHub\justplay-shic\.npmrc Completed in 1ms
10 timing config:load:project Completed in 4ms
11 timing config:load:file:C:\Users\marco\.npmrc Completed in 4ms
12 timing config:load:user Completed in 4ms
13 timing config:load:file:D:\Program Files\nodejs\etc\npmrc Completed in 1ms
14 timing config:load:global Completed in 1ms
15 timing config:load:validate Completed in 1ms
16 timing config:load:credentials Completed in 1ms
17 timing config:load:setEnvs Completed in 3ms
18 timing config:load Completed in 26ms
19 timing npm:load:configload Completed in 26ms
20 timing npm:load:setTitle Completed in 0ms
21 timing npm:load:setupLog Completed in 1ms
22 timing config:load:flatten Completed in 9ms
23 timing npm:load:cleanupLog Completed in 5ms
24 timing npm:load:configScope Completed in 0ms
25 timing npm:load:projectScope Completed in 2ms
26 timing npm:load Completed in 46ms
27 timing arborist:ctor Completed in 1ms
28 timing command:ls Completed in 326ms
29 verbose stack Error: missing: @angular-devkit/build-angular@~0.900.3, required by justplay-shic@0.0.0
29 verbose stack missing: @angular/animations@~9.0.2, required by justplay-shic@0.0.0
29 verbose stack missing: @angular/cdk@^9.2.0, required by justplay-shic@0.0.0
29 verbose stack missing: @angular/cli@~9.0.3, required by justplay-shic@0.0.0
29 verbose stack missing: @angular/common@~9.0.2, required by justplay-shic@0.0.0
29 verbose stack missing: @angular/compiler-cli@~9.0.2, required by justplay-shic@0.0.0
29 verbose stack missing: @angular/compiler@~9.0.2, required by justplay-shic@0.0.0
29 verbose stack missing: @angular/core@~9.0.2, required by justplay-shic@0.0.0
29 verbose stack missing: @angular/forms@~9.0.2, required by justplay-shic@0.0.0
29 verbose stack missing: @angular/language-service@~9.0.2, required by justplay-shic@0.0.0
29 verbose stack missing: @angular/material@^9.2.0, required by justplay-shic@0.0.0
29 verbose stack missing: @angular/platform-browser-dynamic@~9.0.2, required by justplay-shic@0.0.0
29 verbose stack missing: @angular/platform-browser@~9.0.2, required by justplay-shic@0.0.0
29 verbose stack missing: @angular/router@~9.0.2, required by justplay-shic@0.0.0
29 verbose stack missing: @types/jasmine@~3.5.0, required by justplay-shic@0.0.0
29 verbose stack missing: @types/jasminewd2@~2.0.3, required by justplay-shic@0.0.0
29 verbose stack missing: @types/node@^12.11.1, required by justplay-shic@0.0.0
29 verbose stack missing: codelyzer@^5.1.2, required by justplay-shic@0.0.0
29 verbose stack missing: jasmine-core@~3.5.0, required by justplay-shic@0.0.0
29 verbose stack missing: jasmine-spec-reporter@~4.2.1, required by justplay-shic@0.0.0
29 verbose stack missing: karma-chrome-launcher@~3.1.0, required by justplay-shic@0.0.0
29 verbose stack missing: karma-coverage-istanbul-reporter@~2.1.0, required by justplay-shic@0.0.0
29 verbose stack missing: karma-jasmine-html-reporter@^1.4.2, required by justplay-shic@0.0.0
29 verbose stack missing: karma-jasmine@~2.0.1, required by justplay-shic@0.0.0
29 verbose stack missing: karma@~4.3.0, required by justplay-shic@0.0.0
29 verbose stack missing: protractor@~5.4.3, required by justplay-shic@0.0.0
29 verbose stack missing: rxjs@~6.5.4, required by justplay-shic@0.0.0
29 verbose stack missing: ts-node@~8.3.0, required by justplay-shic@0.0.0
29 verbose stack missing: tslib@^1.10.0, required by justplay-shic@0.0.0
29 verbose stack missing: tslint@~5.18.0, required by justplay-shic@0.0.0
29 verbose stack missing: typescript@~3.7.5, required by justplay-shic@0.0.0
29 verbose stack missing: zone.js@~0.10.2, required by justplay-shic@0.0.0
29 verbose stack     at LS.ls (d:\Users\marco\AppData\Roaming\nvm\v16.13.0\node_modules\npm\lib\ls.js:222:9)
30 verbose cwd d:\Users\marco\Documents\GitHub\justplay-shic
31 verbose Windows_NT 10.0.18363
32 verbose argv "D:\\Program Files\\nodejs\\node.exe" "D:\\Program Files\\nodejs\\node_modules\\npm\\bin\\npm-cli.js" "list" "--json"
33 verbose node v16.13.0
34 verbose npm  v8.1.0
35 error code ELSPROBLEMS
36 error missing: @angular-devkit/build-angular@~0.900.3, required by justplay-shic@0.0.0
36 error missing: @angular/animations@~9.0.2, required by justplay-shic@0.0.0
36 error missing: @angular/cdk@^9.2.0, required by justplay-shic@0.0.0
36 error missing: @angular/cli@~9.0.3, required by justplay-shic@0.0.0
36 error missing: @angular/common@~9.0.2, required by justplay-shic@0.0.0
36 error missing: @angular/compiler-cli@~9.0.2, required by justplay-shic@0.0.0
36 error missing: @angular/compiler@~9.0.2, required by justplay-shic@0.0.0
36 error missing: @angular/core@~9.0.2, required by justplay-shic@0.0.0
36 error missing: @angular/forms@~9.0.2, required by justplay-shic@0.0.0
36 error missing: @angular/language-service@~9.0.2, required by justplay-shic@0.0.0
36 error missing: @angular/material@^9.2.0, required by justplay-shic@0.0.0
36 error missing: @angular/platform-browser-dynamic@~9.0.2, required by justplay-shic@0.0.0
36 error missing: @angular/platform-browser@~9.0.2, required by justplay-shic@0.0.0
36 error missing: @angular/router@~9.0.2, required by justplay-shic@0.0.0
36 error missing: @types/jasmine@~3.5.0, required by justplay-shic@0.0.0
36 error missing: @types/jasminewd2@~2.0.3, required by justplay-shic@0.0.0
36 error missing: @types/node@^12.11.1, required by justplay-shic@0.0.0
36 error missing: codelyzer@^5.1.2, required by justplay-shic@0.0.0
36 error missing: jasmine-core@~3.5.0, required by justplay-shic@0.0.0
36 error missing: jasmine-spec-reporter@~4.2.1, required by justplay-shic@0.0.0
36 error missing: karma-chrome-launcher@~3.1.0, required by justplay-shic@0.0.0
36 error missing: karma-coverage-istanbul-reporter@~2.1.0, required by justplay-shic@0.0.0
36 error missing: karma-jasmine-html-reporter@^1.4.2, required by justplay-shic@0.0.0
36 error missing: karma-jasmine@~2.0.1, required by justplay-shic@0.0.0
36 error missing: karma@~4.3.0, required by justplay-shic@0.0.0
36 error missing: protractor@~5.4.3, required by justplay-shic@0.0.0
36 error missing: rxjs@~6.5.4, required by justplay-shic@0.0.0
36 error missing: ts-node@~8.3.0, required by justplay-shic@0.0.0
36 error missing: tslib@^1.10.0, required by justplay-shic@0.0.0
36 error missing: tslint@~5.18.0, required by justplay-shic@0.0.0
36 error missing: typescript@~3.7.5, required by justplay-shic@0.0.0
36 error missing: zone.js@~0.10.2, required by justplay-shic@0.0.0
37 verbose exit 1
